ISim log file
Running: /home/szymon/Git/hmc5883l/Magnetometr_Magnetometr_sch_tb_isim_beh.exe -intstyle ise -gui -tclbatch isim.cmd -wdb /home/szymon/Git/hmc5883l/Magnetometr_Magnetometr_sch_tb_isim_beh.wdb 
ISim P.20131013 (signature 0xfbc00daa)
WARNING: A WEBPACK license was found.
WARNING: Please use Xilinx License Configuration Manager to check out a full ISim license.
WARNING: ISim will run in Lite mode. Please refer to the ISim documentation for more information on the differences between the Lite and the Full version.
This is a Lite version of ISim.
Time resolution is 1 ps
# onerror resume
# wave add /
# run 1000 ns
Simulator is doing circuit initialization process.
Finished circuit initialization process.
# restart
# run 500000ns
Simulator is doing circuit initialization process.
Finished circuit initialization process.
[I2C 1.3901 us] START condition
[I2C 22.0101 us] address byte: 3D
[I2C 47.6451 us] byte transmitted: 0A with positive ACK
[I2C 70.1451 us] byte transmitted: 0B with positive ACK
[I2C 92.6451 us] byte transmitted: 0C with positive ACK
[I2C 115.1451 us] byte transmitted: 0D with positive ACK
[I2C 137.6451 us] byte transmitted: 0E with positive ACK
[I2C 160.1451 us] byte transmitted: 0F, NACK in response
# exit 0
